This is TeX, Version 3.14159 (Web2C 7.4.5) (format=latex 2003.9.1)  6 OCT 2009 11:24
**./images.tex
(./images.tex
LaTeX2e <2001/06/01>
Babel <v3.7h> and hyphenation patterns for american, french, german, ngerman, n
ohyphenation, loaded.

(/usr/share/texmf/tex/latex/base/report.cls
Document Class: report 2001/04/21 v1.4e Standard LaTeX document class
(/usr/share/texmf/tex/latex/base/size11.clo
File: size11.clo 2001/04/21 v1.4e Standard LaTeX file (size option)
)
\c@part=\count79
\c@chapter=\count80
\c@section=\count81
\c@subsection=\count82
\c@subsubsection=\count83
\c@paragraph=\count84
\c@subparagraph=\count85
\c@figure=\count86
\c@table=\count87
\abovecaptionskip=\skip41
\belowcaptionskip=\skip42
\bibindent=\dimen102
) (/usr/share/texmf/tex/latex/base/ifthen.sty
Package: ifthen 2001/05/26 v1.1c Standard LaTeX ifthen package (DPC)
) (/usr/share/texmf/tex/latex/tools/array.sty
Package: array 1998/05/13 v2.3m Tabular extension package (FMi)
\col@sep=\dimen103
\extrarowheight=\dimen104
\NC@list=\toks14
\extratabsurround=\skip43
\backup@length=\skip44
) (/usr/share/texmf/tex/latex/base/makeidx.sty
Package: makeidx 2000/03/29 v1.0m Standard LaTeX package
) (/usr/share/texmf/tex/latex/preprint/fullpage.sty
Package: fullpage 1999/02/23 1.1 (PWD)
\FP@margin=\skip45
) (/usr/share/texmf/tex/latex/graphics/graphicx.sty
Package: graphicx 1999/02/16 v1.0f Enhanced LaTeX Graphics (DPC,SPQR)
(/usr/share/texmf/tex/latex/graphics/keyval.sty
Package: keyval 1999/03/16 v1.13 key=value parser (DPC)
\KV@toks@=\toks15
) (/usr/share/texmf/tex/latex/graphics/graphics.sty
Package: graphics 2001/07/07 v1.0n Standard LaTeX Graphics (DPC,SPQR)
(/usr/share/texmf/tex/latex/graphics/trig.sty
Package: trig 1999/03/16 v1.09 sin cos tan (DPC)
) (/usr/share/texmf/tex/latex/config/graphics.cfg
File: graphics.cfg 2001/08/31 v1.1 graphics configuration of teTeX/TeXLive
)
Package graphics Info: Driver file: dvips.def on input line 80.
(/usr/share/texmf/tex/latex/graphics/dvips.def
File: dvips.def 1999/02/16 v3.0i Driver-dependant file (DPC,SPQR)
))
\Gin@req@height=\dimen105
\Gin@req@width=\dimen106
) (/home/cs/pellegrini/nMOLDYN/development/nMOLDYN/Doc/UsersGuide/appendix.sty
Package: appendix 2002/08/06 v1.2 extra appendix facilities
\c@@pps=\count88
\c@@ppsavesec=\count89
\c@@ppsaveapp=\count90
) (/home/cs/pellegrini/nMOLDYN/development/nMOLDYN/Doc/UsersGuide/glossary.sty
Package: glossary 2006/07/20 2.4 (NLCT)
\gls@cols=\count91
No configuration file glossary.cfg found
(/usr/share/texmf/tex/latex/tools/longtable.sty
Package: longtable 2000/10/22 v4.10 Multi-page Table package (DPC)
\LTleft=\skip46
\LTright=\skip47
\LTpre=\skip48
\LTpost=\skip49
\LTchunksize=\count92
\LTcapwidth=\dimen107
\LT@head=\box26
\LT@firsthead=\box27
\LT@foot=\box28
\LT@lastfoot=\box29
\LT@cols=\count93
\LT@rows=\count94
\c@LT@tables=\count95
\c@LT@chunks=\count96
\LT@p@ftn=\toks16
)
\descriptionwidth=\skip50
\istfile=\write3
)
\@acronymfile=\write4
\openout4 = `images.acr'.

Writing acronym file images.acr 
(/usr/share/texmf/tex/latex/graphics/color.sty
Package: color 1999/02/16 v1.0i Standard LaTeX Color (DPC)
(/usr/share/texmf/tex/latex/config/color.cfg
File: color.cfg 2001/08/31 v1.1 color configuration of teTeX/TeXLive
)
Package color Info: Driver file: dvips.def on input line 125.
(/usr/share/texmf/tex/latex/graphics/dvipsnam.def
File: dvipsnam.def 1999/02/16 v3.0i Driver-dependant file (DPC,SPQR)
)) (/usr/share/texmf/tex/latex/base/inputenc.sty
Package: inputenc 2001/07/10 v0.99a Input encoding file 
(/usr/share/texmf/tex/latex/base/latin1.def
File: latin1.def 2001/07/10 v0.99a Input encoding file 
))
\sizebox=\box30
\lthtmlwrite=\write5
(./images.aux

LaTeX Warning: Label `eq:q_dual' multiply defined.


LaTeX Warning: Label `nmoldyn_input_files' multiply defined.

)
\openout1 = `images.aux'.

LaTeX Font Info:    Checking defaults for OML/cmm/m/it on input line 180.
LaTeX Font Info:    ... okay on input line 180.
LaTeX Font Info:    Checking defaults for T1/cmr/m/n on input line 180.
LaTeX Font Info:    ... okay on input line 180.
LaTeX Font Info:    Checking defaults for OT1/cmr/m/n on input line 180.
LaTeX Font Info:    ... okay on input line 180.
LaTeX Font Info:    Checking defaults for OMS/cmsy/m/n on input line 180.
LaTeX Font Info:    ... okay on input line 180.
LaTeX Font Info:    Checking defaults for OMX/cmex/m/n on input line 180.
LaTeX Font Info:    ... okay on input line 180.
LaTeX Font Info:    Checking defaults for U/cmr/m/n on input line 180.
LaTeX Font Info:    ... okay on input line 180.

latex2htmlLength hsize=349.0pt

latex2htmlLength vsize=700.50687pt

latex2htmlLength hoffset=0.0pt

latex2htmlLength voffset=0.0pt

latex2htmlLength topmargin=0.0pt

latex2htmlLength topskip=0.00003pt

latex2htmlLength headheight=0.0pt

latex2htmlLength headsep=0.0pt

latex2htmlLength parskip=0.0pt plus 1.0pt

latex2htmlLength oddsidemargin=0.0pt

latex2htmlLength evensidemargin=0.0pt


LaTeX Warning: File `./Figures/logo.eps' not found on input line 206.


! LaTeX Error: File `./Figures/logo.eps' not found.

See the LaTeX manual or LaTeX Companion for explanation.
Type  H <return>  for immediate help.
 ...                                              
                                                  
l.206 ...width=0.60\textwidth]{./Figures/logo.eps}
                                                  %
Try typing  <return>  to proceed.
If that doesn't work, type  X <return>  to quit.


! LaTeX Error: Cannot determine size of graphic in ./Figures/logo.eps (no Bound
ingBox).

See the LaTeX manual or LaTeX Companion for explanation.
Type  H <return>  for immediate help.
 ...                                              
                                                  
l.206 ...width=0.60\textwidth]{./Figures/logo.eps}
                                                  %
Try typing  <return>  to proceed.
If that doesn't work, type  X <return>  to quit.

File: ./Figures/logo.eps Graphic file (type eps)
<./Figures/logo.eps>
l2hSize :tex2html_wrap16373:209.4138pt::0.0pt::349.0pt.
[1

\openout3 = `images.ist'.



] (./images.aux)

LaTeX Warning: There were multiply-defined labels.

 ) 
Here is how much of TeX's memory you used:
 2323 strings out of 95847
 28689 string characters out of 1195963
 118081 words of memory out of 1000001
 5281 multiletter control sequences out of 10000+50000
 3940 words of font info for 15 fonts, out of 500000 for 1000
 14 hyphenation exceptions out of 1000
 25i,5n,22p,206b,218s stack positions out of 1500i,500n,5000p,200000b,5000s

Output written on images.dvi (1 page, 320 bytes).
