This is TeX, Version 3.14159 (Web2C 7.4.5) (format=latex 2003.9.1)  6 OCT 2009 11:14
**nMOLDYN_for_PDF.tex
(./nMOLDYN_for_PDF.tex
LaTeX2e <2001/06/01>
Babel <v3.7h> and hyphenation patterns for american, french, german, ngerman, n
ohyphenation, loaded.
(/usr/share/texmf/tex/latex/base/report.cls
Document Class: report 2001/04/21 v1.4e Standard LaTeX document class
(/usr/share/texmf/tex/latex/base/size11.clo
File: size11.clo 2001/04/21 v1.4e Standard LaTeX file (size option)
)
\c@part=\count79
\c@chapter=\count80
\c@section=\count81
\c@subsection=\count82
\c@subsubsection=\count83
\c@paragraph=\count84
\c@subparagraph=\count85
\c@figure=\count86
\c@table=\count87
\abovecaptionskip=\skip41
\belowcaptionskip=\skip42
\bibindent=\dimen102
)
(/usr/share/texmf/tex/latex/tools/array.sty
Package: array 1998/05/13 v2.3m Tabular extension package (FMi)
\col@sep=\dimen103
\extrarowheight=\dimen104
\NC@list=\toks14
\extratabsurround=\skip43
\backup@length=\skip44
)
(/usr/share/texmf/tex/latex/preprint/fullpage.sty
Package: fullpage 1999/02/23 1.1 (PWD)
\FP@margin=\skip45
) (./html.sty
Package: html 1996/12/22 v1.1 hypertext commands for latex2html (nd, hws, rrm)
\c@lpart=\count88
\c@lchapter=\count89
\c@lsection=\count90
\c@lsubsection=\count91
\c@lsubsubsection=\count92
\c@lparagraph=\count93
\c@lsubparagraph=\count94
\c@lequation=\count95
\c@lsubsubparagraph=\count96
\ptrfile=\write3
)
(/usr/share/texmf/tex/latex/graphics/graphicx.sty
Package: graphicx 1999/02/16 v1.0f Enhanced LaTeX Graphics (DPC,SPQR)

(/usr/share/texmf/tex/latex/graphics/keyval.sty
Package: keyval 1999/03/16 v1.13 key=value parser (DPC)
\KV@toks@=\toks15
)
(/usr/share/texmf/tex/latex/graphics/graphics.sty
Package: graphics 2001/07/07 v1.0n Standard LaTeX Graphics (DPC,SPQR)

(/usr/share/texmf/tex/latex/graphics/trig.sty
Package: trig 1999/03/16 v1.09 sin cos tan (DPC)
)
(/usr/share/texmf/tex/latex/config/graphics.cfg
File: graphics.cfg 2001/08/31 v1.1 graphics configuration of teTeX/TeXLive
)
Package graphics Info: Driver file: dvips.def on input line 80.

(/usr/share/texmf/tex/latex/graphics/dvips.def
File: dvips.def 1999/02/16 v3.0i Driver-dependant file (DPC,SPQR)
))
\Gin@req@height=\dimen105
\Gin@req@width=\dimen106
)
(/usr/share/texmf/tex/latex/hyperref/hyperref.sty
Package: hyperref 2003/01/22 v6.73n Hypertext links for LaTeX
\@linkdim=\dimen107
\Hy@linkcounter=\count97
\Hy@pagecounter=\count98

(/usr/share/texmf/tex/latex/hyperref/pd1enc.def
File: pd1enc.def 2003/01/22 v6.73n Hyperref: PDFDocEncoding definition (HO)
)
(/usr/share/texmf/tex/latex/config/hyperref.cfg
File: hyperref.cfg 2002/06/06 v1.2 hyperref configuration of TeXLive and teTeX
)
Package hyperref Info: Option `colorlinks' set `true' on input line 1744.
Package hyperref Info: Hyper figures OFF on input line 1792.
Package hyperref Info: Link nesting OFF on input line 1797.
Package hyperref Info: Hyper index ON on input line 1800.
Package hyperref Info: Plain pages ON on input line 1805.
Package hyperref Info: Backreferencing OFF on input line 1812.

Implicit mode ON; LaTeX internals redefined
Package hyperref Info: Bookmarks ON on input line 1916.
(/home/cs/pellegrini/texmf/tex/latex/html/url.sty
Package: url 1999/03/02  ver 1.4  Verb mode for urls, email addresses, and file
 names
)
LaTeX Info: Redefining \url on input line 2055.
LaTeX Info: Redefining \hyperref on input line 2066.
\Fld@menulength=\count99
\Field@Width=\dimen108
\Fld@charsize=\dimen109
\Choice@toks=\toks16
\Field@toks=\toks17
Package hyperref Info: Hyper figures OFF on input line 2513.
Package hyperref Info: Link nesting OFF on input line 2518.
Package hyperref Info: Hyper index ON on input line 2521.
Package hyperref Info: backreferencing OFF on input line 2528.
Package hyperref Info: Link coloring ON on input line 2531.
\c@Item=\count100
\c@Hfootnote=\count101
)
*hyperref using default driver hdvips*
(/usr/share/texmf/tex/latex/hyperref/hdvips.def
File: hdvips.def 2003/01/22 v6.73n Hyperref driver for dvips

(/usr/share/texmf/tex/latex/hyperref/pdfmark.def
File: pdfmark.def 2003/01/22 v6.73n Hyperref definitions for pdfmark specials
\pdf@docset=\toks18
\pdf@box=\box26
\pdf@toks=\toks19
\pdf@defaulttoks=\toks20
\Fld@listcount=\count102
\@outlinefile=\write4
)) (./appendix.sty
Package: appendix 2002/08/06 v1.2 extra appendix facilities
\c@@pps=\count103
\c@@ppsavesec=\count104
\c@@ppsaveapp=\count105
)
(./glossary.sty
Package: glossary 2006/07/20 2.4 (NLCT)
 (/usr/share/texmf/tex/latex/base/ifthen.sty
Package: ifthen 2001/05/26 v1.1c Standard LaTeX ifthen package (DPC)
)
\gls@cols=\count106

No configuration file glossary.cfg found
(/usr/share/texmf/tex/latex/tools/longtable.sty
Package: longtable 2000/10/22 v4.10 Multi-page Table package (DPC)
\LTleft=\skip46
\LTright=\skip47
\LTpre=\skip48
\LTpost=\skip49
\LTchunksize=\count107
\LTcapwidth=\dimen110
\LT@head=\box27
\LT@firsthead=\box28
\LT@foot=\box29
\LT@lastfoot=\box30
\LT@cols=\count108
\LT@rows=\count109
\c@LT@tables=\count110
\c@LT@chunks=\count111
\LT@p@ftn=\toks21
)
\descriptionwidth=\skip50
\istfile=\write5
)
\@acronymfile=\write6
\openout6 = `nMOLDYN_for_PDF.acr'.


Writing acronym file nMOLDYN_for_PDF.acr 
(./nMOLDYN_for_PDF.aux

LaTeX Warning: Label `eq:q_dual' multiply defined.


LaTeX Warning: Label `nmoldyn_input_files' multiply defined.

)
\openout1 = `nMOLDYN_for_PDF.aux'.

LaTeX Font Info:    Checking defaults for OML/cmm/m/it on input line 95.
LaTeX Font Info:    ... okay on input line 95.
LaTeX Font Info:    Checking defaults for T1/cmr/m/n on input line 95.
LaTeX Font Info:    ... okay on input line 95.
LaTeX Font Info:    Checking defaults for OT1/cmr/m/n on input line 95.
LaTeX Font Info:    ... okay on input line 95.
LaTeX Font Info:    Checking defaults for OMS/cmsy/m/n on input line 95.
LaTeX Font Info:    ... okay on input line 95.
LaTeX Font Info:    Checking defaults for OMX/cmex/m/n on input line 95.
LaTeX Font Info:    ... okay on input line 95.
LaTeX Font Info:    Checking defaults for U/cmr/m/n on input line 95.
LaTeX Font Info:    ... okay on input line 95.
LaTeX Font Info:    Checking defaults for PD1/pdf/m/n on input line 95.
LaTeX Font Info:    ... okay on input line 95.
 (/usr/share/texmf/tex/latex/graphics/color.sty
Package: color 1999/02/16 v1.0i Standard LaTeX Color (DPC)

(/usr/share/texmf/tex/latex/config/color.cfg
File: color.cfg 2001/08/31 v1.1 color configuration of teTeX/TeXLive
)
Package color Info: Driver file: dvips.def on input line 125.

(/usr/share/texmf/tex/latex/graphics/dvipsnam.def
File: dvipsnam.def 1999/02/16 v3.0i Driver-dependant file (DPC,SPQR)
))
Package hyperref Info: Link coloring ON on input line 95.

(/usr/share/texmf/tex/latex/hyperref/nameref.sty
Package: nameref 2001/01/27 v2.19 Cross-referencing by name of section
\c@section@level=\count112
)
LaTeX Info: Redefining \ref on input line 95.
LaTeX Info: Redefining \pageref on input line 95.
 (./nMOLDYN_for_PDF.out)
(./nMOLDYN_for_PDF.out)
\openout4 = `nMOLDYN_for_PDF.out'.

File: ./Figures/logo.eps Graphic file (type eps)
 <./Figures/logo.eps>
LaTeX Font Info:    External font `cmex10' loaded for size
(Font)              <14.4> on input line 115.
LaTeX Font Info:    External font `cmex10' loaded for size
(Font)              <7> on input line 115.
LaTeX Font Info:    External font `cmex10' loaded for size
(Font)              <10.95> on input line 133.
LaTeX Font Info:    External font `cmex10' loaded for size
(Font)              <8> on input line 133.
LaTeX Font Info:    External font `cmex10' loaded for size
(Font)              <6> on input line 133.
LaTeX Font Info:    External font `cmex10' loaded for size
(Font)              <9> on input line 137.
LaTeX Font Info:    External font `cmex10' loaded for size
(Font)              <5> on input line 137.
 [1

\openout5 = `nMOLDYN_for_PDF.ist'.

] [1] (./nMOLDYN_for_PDF.toc
[1

] [2])
\tf@toc=\write7
\openout7 = `nMOLDYN_for_PDF.toc'.

 [3] (./nMOLDYN_for_PDF.lof [4

])
\tf@lof=\write8
\openout8 = `nMOLDYN_for_PDF.lof'.

 [5] (./nMOLDYN_for_PDF.lot)
\tf@lot=\write9
\openout9 = `nMOLDYN_for_PDF.lot'.

 [6

]
(./nMOLDYN_for_PDF.acn
Overfull \hbox (0.83992pt too wide) in paragraph at lines 64--66
[]
 []


Overfull \hbox (5.22603pt too wide) in paragraph at lines 73--75
[]
 []


Overfull \hbox (3.609pt too wide) in paragraph at lines 77--80
[]
 []

[7


]) [8]
Chapter 1.
[9

]
LaTeX Font Info:    Try loading font information for OMS+cmr on input line 243.

 (/usr/share/texmf/tex/latex/base/omscmr.fd
File: omscmr.fd 1999/05/25 v2.5h Standard LaTeX font definitions
)
LaTeX Font Info:    Font shape `OMS/cmr/m/n' in size <10.95> not available
(Font)              Font shape `OMS/cmsy/m/n' tried instead on input line 243.
 [10] [11]
Chapter 2.

Underfull \hbox (badness 10000) in paragraph at lines 342--347

 []


Underfull \hbox (badness 10000) in paragraph at lines 342--347

 []


Underfull \hbox (badness 10000) in paragraph at lines 348--349

 []


Underfull \hbox (badness 10000) in paragraph at lines 349--350

 []


Underfull \hbox (badness 10000) in paragraph at lines 350--351

 []


Underfull \hbox (badness 10000) in paragraph at lines 351--352

 []


Underfull \hbox (badness 10000) in paragraph at lines 357--364

 []


Underfull \hbox (badness 10000) in paragraph at lines 357--364

 []

[12

] [13]
Chapter 3.
[14

] [15]
Chapter 4.
LaTeX Font Info:    Try loading font information for OMS+cmtt on input line 463
.
LaTeX Font Info:    No file OMScmtt.fd. on input line 463.

LaTeX Font Warning: Font shape `OMS/cmtt/m/n' undefined
(Font)              using `OMS/cmsy/m/n' instead
(Font)              for symbol `textbackslash' on input line 463.


Underfull \hbox (badness 10000) in paragraph at lines 448--468

 []


Underfull \hbox (badness 10000) in paragraph at lines 448--468

 []


Underfull \hbox (badness 10000) in paragraph at lines 448--468

 []


Underfull \hbox (badness 10000) in paragraph at lines 448--468

 []


Overfull \hbox (3.93631pt too wide) in paragraph at lines 484--489
\OT1/cmr/bx/n/10.95 Description: \OT1/cmr/m/n/10.95 runs an anal-y-sis with the
 command-line in-ter-face us-ing \OT1/cmr/m/it/10.95 file-name n\OT1/cmr/m/n/10
.95 MOLDYN
 []

[16

]
Underfull \hbox (badness 10000) in paragraph at lines 498--508

 []


Underfull \hbox (badness 10000) in paragraph at lines 498--508

 []

[17] [18]
File: Figures/main_dialog.eps Graphic file (type eps)
 <Figures/main_dialog.eps> [19]
File: Figures/file_browser.eps Graphic file (type eps)
 <Figures/file_browser.eps>
File: Figures/trajectory_set.eps Graphic file (type eps)

<Figures/trajectory_set.eps> [20] [21]
File: Figures/amber_converter.eps Graphic file (type eps)
 <Figures/amber_converter.eps>
File: Figures/charmm_converter.eps Graphic file (type eps)

<Figures/charmm_converter.eps> [22] [23]
File: Figures/dlpoly_converter.eps Graphic file (type eps)
 <Figures/dlpoly_converter.eps>
[24]
File: Figures/dlpoly_field_example.eps Graphic file (type eps)
 <Figures/dlpoly_field_example.eps>
Underfull \hbox (badness 10000) in paragraph at lines 816--824

 []


Underfull \hbox (badness 10000) in paragraph at lines 816--824

 []

[25]
File: Figures/discover_converter.eps Graphic file (type eps)
 <Figures/discover_converter.eps> [26]
Overfull \hbox (5.32971pt too wide) in paragraph at lines 877--883
\OT1/cmr/m/n/10.95 where \OT1/cmr/m/it/10.95 sep \OT1/cmr/m/n/10.95 can be a wh
ite space, a comma or a semi-colon and each block \OT1/cmr/m/it/10.95 mini:maxi
:skipi
 []

File: Figures/forcite_converter.eps Graphic file (type eps)
<Figures/forcite_converter.eps> [27]
Overfull \hbox (17.41838pt too wide) in paragraph at lines 938--942
\OT1/cmr/m/n/10.95 where \OT1/cmr/m/it/10.95 sep \OT1/cmr/m/n/10.95 can be a wh
ite space, a comma or a semi-colon and each block \OT1/cmr/m/it/10.95 min[]i:ma
x[]i:skip[]i
 []

[28]
File: Figures/namd_converter.eps Graphic file (type eps)
 <Figures/namd_converter.eps>
File: Figures/vasp_converter.eps Graphic file (type eps)
 <Figures/vasp_converter.eps>
Overfull \hbox (10.11859pt too wide) in paragraph at lines 998--1007
\OT1/cmr/m/n/10.95 This con-verter al-lows the con-ver-sion from a tra-jec-tory
 gen-er-ated with \OT1/cmr/bx/n/10.95 V\OT1/cmr/m/n/10.95 ienna \OT1/cmr/bx/n/1
0.95 A\OT1/cmr/m/n/10.95 b-initio \OT1/cmr/bx/n/10.95 S\OT1/cmr/m/n/10.95 imula
tion
 []


LaTeX Warning: `!h' float specifier changed to `!ht'.

[29]
Underfull \hbox (badness 10000) in paragraph at lines 1030--1037

 []


Underfull \hbox (badness 10000) in paragraph at lines 1030--1037

 []

[30]
File: Figures/frame_snapshot.eps Graphic file (type eps)
 <Figures/frame_snapshot.eps>
Underfull \hbox (badness 10000) in paragraph at lines 1082--1090

 []


Underfull \hbox (badness 10000) in paragraph at lines 1082--1090

 []

[31]
File: Figures/convert_netcdf_ascii.eps Graphic file (type eps)
 <Figures/convert_netcdf_ascii.eps> [32]
Underfull \hbox (badness 10000) in paragraph at lines 1139--1143

 []

[33]
File: Figures/convert_ascii_netcdf.eps Graphic file (type eps)
 <Figures/convert_ascii_netcdf.eps>
Underfull \hbox (badness 10000) in paragraph at lines 1165--1185

 []


Underfull \hbox (badness 10000) in paragraph at lines 1165--1185

 []


Underfull \hbox (badness 10000) in paragraph at lines 1165--1185

 []


Underfull \hbox (badness 10000) in paragraph at lines 1165--1185

 []

[34]
File: Figures/convert_ascii_netcdf_example.eps Graphic file (type eps)
 <Figures/convert_ascii_netcdf_example.eps> [35]
File: Figures/preferences_file_handling.eps Graphic file (type eps)

<Figures/preferences_file_handling.eps>
File: Figures/preferences_file_handling.eps Graphic file (type eps)

<Figures/preferences_file_handling.eps>
File: Figures/preferences_external_programs.eps Graphic file (type eps)

<Figures/preferences_external_programs.eps>
File: Figures/preferences_miscellaneous.eps Graphic file (type eps)

<Figures/preferences_miscellaneous.eps> [36] [37] [38]
Underfull \hbox (badness 10000) in paragraph at lines 1374--1388

 []


Underfull \hbox (badness 10000) in paragraph at lines 1374--1388

 []


Underfull \hbox (badness 10000) in paragraph at lines 1374--1388

 []


Underfull \hbox (badness 10000) in paragraph at lines 1374--1388

 []

[39]
File: Figures/preferences_config_file_example.eps Graphic file (type eps)
 <Figures/preferences_config_file_example.eps> [40] [41] [42]
File: Figures/subset_selection.eps Graphic file (type eps)

<Figures/subset_selection.eps> [43]
File: Figures/subset_selection_from_a_selection_file.eps Graphic file (type eps
)

<Figures/subset_selection_from_a_selection_file.eps>
File: Figures/subset_selection_file.eps Graphic file (type eps)

<Figures/subset_selection_file.eps>
File: Figures/subset_selection_from_the_loaded_trajectory.eps Graphic file (typ
e eps)

<Figures/subset_selection_from_the_loaded_trajectory.eps> [44]
Underfull \hbox (badness 10000) in paragraph at lines 1607--1614

 []


Underfull \hbox (badness 10000) in paragraph at lines 1607--1614

 []


Underfull \hbox (badness 10000) in paragraph at lines 1615--1622

 []


Underfull \hbox (badness 10000) in paragraph at lines 1615--1622

 []


Underfull \hbox (badness 10000) in paragraph at lines 1623--1631

 []


Underfull \hbox (badness 10000) in paragraph at lines 1623--1631

 []

[45] [46]
File: Figures/subset_selection_from_an_expression_string.eps Graphic file (type
 eps)
 <Figures/subset_selection_from_an_expression_string.eps> [47]
File: Figures/deuteration_selection.eps Graphic file (type eps)

<Figures/deuteration_selection.eps> [48]
File: Figures/deuteration_selection_from_a_selection_file.eps Graphic file (typ
e eps)

<Figures/deuteration_selection_from_a_selection_file.eps>
File: Figures/deuteration_selection_file.eps Graphic file (type eps)

<Figures/deuteration_selection_file.eps> [49]
File: Figures/deuteration_selection_from_the_loaded_trajectory.eps Graphic file
 (type eps)

<Figures/deuteration_selection_from_the_loaded_trajectory.eps>
Underfull \hbox (badness 10000) in paragraph at lines 1825--1832

 []


Underfull \hbox (badness 10000) in paragraph at lines 1825--1832

 []


Underfull \hbox (badness 10000) in paragraph at lines 1833--1840

 []


Underfull \hbox (badness 10000) in paragraph at lines 1833--1840

 []


Underfull \hbox (badness 10000) in paragraph at lines 1841--1849

 []


Underfull \hbox (badness 10000) in paragraph at lines 1841--1849

 []

[50]
File: Figures/deuteration_selection_from_an_expression_string.eps Graphic file 
(type eps)
 <Figures/deuteration_selection_from_an_expression_string.eps> [51]
File: Figures/group_selection.eps Graphic file (type eps)

<Figures/group_selection.eps> [52]
File: Figures/group_selection_from_a_selection_file.eps Graphic file (type eps)


<Figures/group_selection_from_a_selection_file.eps>
File: Figures/group_selection_file.eps Graphic file (type eps)

<Figures/group_selection_file.eps> [53]
File: Figures/group_selection_from_the_loaded_trajectory.eps Graphic file (type
 eps)

<Figures/group_selection_from_the_loaded_trajectory.eps> [54]
Underfull \hbox (badness 10000) in paragraph at lines 1965--1971

 []


Underfull \hbox (badness 10000) in paragraph at lines 1965--1971

 []


Underfull \hbox (badness 10000) in paragraph at lines 1972--1979

 []


Overfull \hbox (62.29646pt too wide) in paragraph at lines 1972--1979
\OT1/cmr/m/it/10.95 group1 group-in-glevel level ob-ject-name name key-word1 va
lue1,value2,...OR key-word2, value1,value2,value3... 
 []


Underfull \hbox (badness 10000) in paragraph at lines 1972--1979

 []


Underfull \hbox (badness 10000) in paragraph at lines 1980--1988

 []


Underfull \hbox (badness 10000) in paragraph at lines 1980--1988

 []

[55]
File: Figures/group_selection_from_an_expression_string.eps Graphic file (type 
eps)
 <Figures/group_selection_from_an_expression_string.eps> [56] [57]
File: Figures/msd_water.eps Graphic file (type eps)

<Figures/msd_water.eps> [58] [59]
File: Figures/msd.eps Graphic file (type eps)
 <Figures/msd.eps>
Underfull \hbox (badness 10000) in paragraph at lines 2219--2229

 []


Underfull \hbox (badness 10000) in paragraph at lines 2219--2229

 []

[60]
Underfull \hbox (badness 10000) in paragraph at lines 2237--2247

 []


Underfull \hbox (badness 10000) in paragraph at lines 2237--2247

 []

[61]
File: Figures/rmsd.eps Graphic file (type eps)
 <Figures/rmsd.eps>

LaTeX Warning: `!h' float specifier changed to `!ht'.


Underfull \hbox (badness 10000) in paragraph at lines 2331--2341

 []


Underfull \hbox (badness 10000) in paragraph at lines 2331--2341

 []

[62] [63] [64]
File: Figures/rog.eps Graphic file (type eps)
 <Figures/rog.eps>
Underfull \hbox (badness 10000) in paragraph at lines 2440--2450

 []


Underfull \hbox (badness 10000) in paragraph at lines 2440--2450

 []

[65] [66]
File: Figures/ac.eps Graphic file (type eps)
 <Figures/ac.eps>
Underfull \hbox (badness 10000) in paragraph at lines 2549--2559

 []


Underfull \hbox (badness 10000) in paragraph at lines 2549--2559

 []

[67]
Underfull \hbox (badness 10000) in paragraph at lines 2575--2583

 []

[68] [69]
File: Figures/vacf.eps Graphic file (type eps)
 <Figures/vacf.eps>

LaTeX Warning: `!h' float specifier changed to `!ht'.


Underfull \hbox (badness 10000) in paragraph at lines 2691--2701

 []


Underfull \hbox (badness 10000) in paragraph at lines 2691--2701

 []

[70] [71]
Underfull \hbox (badness 10000) in paragraph at lines 2727--2737

 []


Underfull \hbox (badness 10000) in paragraph at lines 2727--2737

 []

[72]
File: Figures/dos.eps Graphic file (type eps)
 <Figures/dos.eps>

LaTeX Warning: `!h' float specifier changed to `!ht'.


Underfull \hbox (badness 10000) in paragraph at lines 2823--2833

 []


Underfull \hbox (badness 10000) in paragraph at lines 2823--2833

 []

[73] [74]
Underfull \hbox (badness 10000) in paragraph at lines 2859--2869

 []


Underfull \hbox (badness 10000) in paragraph at lines 2859--2869

 []

[75]
File: Figures/pbft.eps Graphic file (type eps)
 <Figures/pbft.eps>

LaTeX Warning: `!h' float specifier changed to `!ht'.


Underfull \hbox (badness 10000) in paragraph at lines 2951--2961

 []


Underfull \hbox (badness 10000) in paragraph at lines 2951--2961

 []

[76]
Underfull \hbox (badness 10000) in paragraph at lines 2969--2978

 []


Underfull \hbox (badness 10000) in paragraph at lines 2969--2978

 []

[77] [78]
File: Figures/gmft.eps Graphic file (type eps)
 <Figures/gmft.eps>
Underfull \hbox (badness 10000) in paragraph at lines 3040--3050

 []


Underfull \hbox (badness 10000) in paragraph at lines 3040--3050

 []

[79] [80] [81]
File: Figures/rbt.eps Graphic file (type eps)
 <Figures/rbt.eps> [82]
Underfull \hbox (badness 10000) in paragraph at lines 3286--3296

 []


Underfull \hbox (badness 10000) in paragraph at lines 3286--3296

 []

[83] [84]
File: Figures/comt.eps Graphic file (type eps)
 <Figures/comt.eps> [85]
Underfull \hbox (badness 10000) in paragraph at lines 3383--3393

 []


Underfull \hbox (badness 10000) in paragraph at lines 3383--3393

 []

[86] [87] [88] [89]
File: Figures/ara.eps Graphic file (type eps)
 <Figures/ara.eps> [90]
Underfull \hbox (badness 10000) in paragraph at lines 3676--3686

 []


Underfull \hbox (badness 10000) in paragraph at lines 3676--3686

 []

[91]
Underfull \hbox (badness 10000) in paragraph at lines 3712--3722

 []


Underfull \hbox (badness 10000) in paragraph at lines 3712--3722

 []

[92] [93] [94] [95]
File: Figures/qha.eps Graphic file (type eps)
 <Figures/qha.eps>
Underfull \hbox (badness 10000) in paragraph at lines 3898--3908

 []


Underfull \hbox (badness 10000) in paragraph at lines 3898--3908

 []

[96] [97] [98] [99]
File: Figures/rcf.eps Graphic file (type eps)
 <Figures/rcf.eps>
Overfull \hbox (10.33623pt too wide) in paragraph at lines 4094--4095
[]\OT1/cmr/m/n/10.95 The fol-low-ing in-put fields con-trols the pa-ram-e-ters 
for the \OT1/cmr/bx/n/10.95 R\OT1/cmr/m/n/10.95 eorientational \OT1/cmr/bx/n/10
.95 C\OT1/cmr/m/n/10.95 orrelation \OT1/cmr/bx/n/10.95 F\OT1/cmr/m/n/10.95 unct
ion
 []


Underfull \hbox (badness 10000) in paragraph at lines 4105--4115

 []


Underfull \hbox (badness 10000) in paragraph at lines 4105--4115

 []

[100]
Underfull \hbox (badness 10000) in paragraph at lines 4138--4147

 []


Underfull \hbox (badness 10000) in paragraph at lines 4138--4147

 []

[101]
File: Figures/avacf.eps Graphic file (type eps)
 <Figures/avacf.eps>

LaTeX Warning: `!h' float specifier changed to `!ht'.


Underfull \hbox (badness 10000) in paragraph at lines 4245--4255

 []


Underfull \hbox (badness 10000) in paragraph at lines 4245--4255

 []

[102] [103]
Underfull \hbox (badness 10000) in paragraph at lines 4281--4291

 []


Underfull \hbox (badness 10000) in paragraph at lines 4281--4291

 []

[104]
File: Figures/ados.eps Graphic file (type eps)
 <Figures/ados.eps>

LaTeX Warning: `!h' float specifier changed to `!ht'.


Underfull \hbox (badness 10000) in paragraph at lines 4357--4367

 []


Underfull \hbox (badness 10000) in paragraph at lines 4357--4367

 []

[105]
Underfull \hbox (badness 10000) in paragraph at lines 4393--4403

 []


Underfull \hbox (badness 10000) in paragraph at lines 4393--4403

 []

[106] [107]
Underfull \hbox (badness 10000) in paragraph at lines 4463--4463

 []


Package hyperref Warning: Token not allowed in a PDFDocEncoded string,
(hyperref)                removing `\\' on input line 4463.

[108] [109]
Overfull \hbox (54.36754pt too wide) detected at line 4616
[][]\OMS/cmtt/m/n/10.95 F[]\OT1/cmr/m/n/10.95 (\OML/cmm/m/it/10.95 q[]; k \OMS/
cmtt/m/n/10.95 ^^A \OT1/cmr/m/n/10.95 ^^A\OML/cmm/m/it/10.95 t\OT1/cmr/m/n/10.9
5 ) [] [] [][][]\OML/cmm/m/it/10.95 ;  k \OT1/cmr/m/n/10.95 = 0 [] \OML/cmm/m/i
t/10.95 N[] \OMS/cmtt/m/n/10.95 ^^@ \OT1/cmr/m/n/10.95 1\OML/cmm/m/it/10.95 ;  
m \OT1/cmr/m/n/10.95 = 0 [] \OML/cmm/m/it/10.95 N[] \OMS/cmtt/m/n/10.95 ^^@ \OT
1/cmr/m/n/10.95 1\OML/cmm/m/it/10.95 :[]
 []

[110] [111]
File: Figures/dcsf.eps Graphic file (type eps)
 <Figures/dcsf.eps> [112]
Underfull \hbox (badness 10000) in paragraph at lines 4683--4693

 []


Underfull \hbox (badness 10000) in paragraph at lines 4683--4693

 []


Underfull \hbox (badness 10000) in paragraph at lines 4701--4714

 []


Underfull \hbox (badness 10000) in paragraph at lines 4701--4714

 []

[113]
Underfull \hbox (badness 10000) in paragraph at lines 4760--4767

 []


Underfull \hbox (badness 10000) in paragraph at lines 4760--4767

 []


Underfull \hbox (badness 10000) in paragraph at lines 4768--4774

 []


Underfull \hbox (badness 10000) in paragraph at lines 4768--4774

 []

[114] [115] [116]
File: Figures/dcsfar.eps Graphic file (type eps)
 <Figures/dcsfar.eps> [117]
Underfull \hbox (badness 10000) in paragraph at lines 4888--4898

 []


Underfull \hbox (badness 10000) in paragraph at lines 4888--4898

 []


Underfull \hbox (badness 10000) in paragraph at lines 4915--4928

 []


Underfull \hbox (badness 10000) in paragraph at lines 4915--4928

 []

[118]
Underfull \hbox (badness 10000) in paragraph at lines 4974--4980

 []


Underfull \hbox (badness 10000) in paragraph at lines 4974--4980

 []


Underfull \hbox (badness 10000) in paragraph at lines 4981--4987

 []


Underfull \hbox (badness 10000) in paragraph at lines 4981--4987

 []

[119] [120] [121]
File: Figures/disf.eps Graphic file (type eps)
 <Figures/disf.eps>

LaTeX Warning: `!h' float specifier changed to `!ht'.


Underfull \hbox (badness 10000) in paragraph at lines 5115--5125

 []


Underfull \hbox (badness 10000) in paragraph at lines 5115--5125

 []


Underfull \hbox (badness 10000) in paragraph at lines 5133--5146

 []


Underfull \hbox (badness 10000) in paragraph at lines 5133--5146

 []

[122] [123]
Underfull \hbox (badness 10000) in paragraph at lines 5192--5198

 []


Underfull \hbox (badness 10000) in paragraph at lines 5192--5198

 []


Underfull \hbox (badness 10000) in paragraph at lines 5199--5205

 []


Underfull \hbox (badness 10000) in paragraph at lines 5199--5205

 []

[124] [125] [126]
File: Figures/disfar.eps Graphic file (type eps)
 <Figures/disfar.eps> [127]
Underfull \hbox (badness 10000) in paragraph at lines 5317--5327

 []


Underfull \hbox (badness 10000) in paragraph at lines 5317--5327

 []


Underfull \hbox (badness 10000) in paragraph at lines 5344--5357

 []


Underfull \hbox (badness 10000) in paragraph at lines 5344--5357

 []

[128]
Underfull \hbox (badness 10000) in paragraph at lines 5403--5409

 []


Underfull \hbox (badness 10000) in paragraph at lines 5403--5409

 []


Underfull \hbox (badness 10000) in paragraph at lines 5410--5416

 []


Underfull \hbox (badness 10000) in paragraph at lines 5410--5416

 []

[129] [130] [131]
File: Figures/disfg.eps Graphic file (type eps)
 <Figures/disfg.eps> [132]
Underfull \hbox (badness 10000) in paragraph at lines 5541--5551

 []


Underfull \hbox (badness 10000) in paragraph at lines 5541--5551

 []


Underfull \hbox (badness 10000) in paragraph at lines 5559--5572

 []


Underfull \hbox (badness 10000) in paragraph at lines 5559--5572

 []

[133] [134] [135]
File: Figures/eisf.eps Graphic file (type eps)
 <Figures/eisf.eps>

LaTeX Warning: `!h' float specifier changed to `!ht'.


Underfull \hbox (badness 10000) in paragraph at lines 5729--5739

 []


Underfull \hbox (badness 10000) in paragraph at lines 5729--5739

 []


Underfull \hbox (badness 10000) in paragraph at lines 5747--5760

 []


Underfull \hbox (badness 10000) in paragraph at lines 5747--5760

 []

[136] [137]
Underfull \hbox (badness 10000) in paragraph at lines 5806--5812

 []


Underfull \hbox (badness 10000) in paragraph at lines 5806--5812

 []

[138]
Underfull \hbox (badness 10000) in paragraph at lines 5813--5819

 []


Underfull \hbox (badness 10000) in paragraph at lines 5813--5819

 []

[139]
File: Figures/scsf.eps Graphic file (type eps)
 <Figures/scsf.eps>

LaTeX Warning: `!h' float specifier changed to `!ht'.


Underfull \hbox (badness 10000) in paragraph at lines 5898--5908

 []


Underfull \hbox (badness 10000) in paragraph at lines 5898--5908

 []


Underfull \hbox (badness 10000) in paragraph at lines 5916--5929

 []


Underfull \hbox (badness 10000) in paragraph at lines 5916--5929

 []

[140] [141]
Underfull \hbox (badness 10000) in paragraph at lines 5975--5981

 []


Underfull \hbox (badness 10000) in paragraph at lines 5975--5981

 []

[142]
Underfull \hbox (badness 10000) in paragraph at lines 5982--5988

 []


Underfull \hbox (badness 10000) in paragraph at lines 5982--5988

 []

[143]
File: Figures/sscsf.eps Graphic file (type eps)
 <Figures/sscsf.eps>

LaTeX Warning: `!h' float specifier changed to `!ht'.


Underfull \hbox (badness 10000) in paragraph at lines 6082--6092

 []


Underfull \hbox (badness 10000) in paragraph at lines 6082--6092

 []

[144]
Underfull \hbox (badness 10000) in paragraph at lines 6100--6113

 []


Underfull \hbox (badness 10000) in paragraph at lines 6100--6113

 []

[145] [146] [147]
File: Figures/pdf.eps Graphic file (type eps)
 <Figures/pdf.eps>
Underfull \hbox (badness 10000) in paragraph at lines 6236--6246

 []


Underfull \hbox (badness 10000) in paragraph at lines 6236--6246

 []

[148]
Underfull \hbox (badness 10000) in paragraph at lines 6254--6268

 []


Underfull \hbox (badness 10000) in paragraph at lines 6254--6268

 []

[149]
Overfull \hbox (16.05159pt too wide) detected at line 6339
[][]\OML/cmm/m/it/10.95 CN\OT1/cmr/m/n/10.95 (\OML/cmm/m/it/10.95 r[]\OT1/cmr/m
/n/10.95 ) [] [][] [] [] [] \OML/cmm/m/it/10.95 CN[]\OT1/cmr/m/n/10.95 (\OML/cm
m/m/it/10.95 r[]; t[]\OT1/cmr/m/n/10.95 )\OML/cmm/m/it/10.95 ;  m \OT1/cmr/m/n/
10.95 = 0 [] \OML/cmm/m/it/10.95 N[] \OMS/cmtt/m/n/10.95 ^^@ \OT1/cmr/m/n/10.95
 1\OML/cmm/m/it/10.95 ;  n \OT1/cmr/m/n/10.95 = 0 [] \OML/cmm/m/it/10.95 N[] \O
MS/cmtt/m/n/10.95 ^^@ \OT1/cmr/m/n/10.95 1\OML/cmm/m/it/10.95 :[]
 []

[150]
File: Figures/cn.eps Graphic file (type eps)
 <Figures/cn.eps>

LaTeX Warning: `!h' float specifier changed to `!ht'.


Underfull \hbox (badness 10000) in paragraph at lines 6377--6387

 []


Underfull \hbox (badness 10000) in paragraph at lines 6377--6387

 []


Underfull \hbox (badness 10000) in paragraph at lines 6395--6409

 []


Underfull \hbox (badness 10000) in paragraph at lines 6395--6409

 []

[151] [152] [153]
Overfull \hbox (96.5633pt too wide) detected at line 6486
[][]\OML/cmm/m/it/10.95 SD\OT1/cmr/m/n/10.95 (\OML/cmm/m/it/10.95 r[]; ^^R[]; ^
^^[]\OT1/cmr/m/n/10.95 ) [] [] [] [] [] \OML/cmm/m/it/10.95 ;  l \OT1/cmr/m/n/1
0.95 = 0 [] \OML/cmm/m/it/10.95 N[] \OMS/cmtt/m/n/10.95 ^^@ \OT1/cmr/m/n/10.95 
1\OML/cmm/m/it/10.95 ; m \OT1/cmr/m/n/10.95 = 0 [] \OML/cmm/m/it/10.95 N[] \OMS
/cmtt/m/n/10.95 ^^@ \OT1/cmr/m/n/10.95 1\OML/cmm/m/it/10.95 ; n \OT1/cmr/m/n/10
.95 = 0 [] \OML/cmm/m/it/10.95 N[] \OMS/cmtt/m/n/10.95 ^^@ \OT1/cmr/m/n/10.95 1
\OML/cmm/m/it/10.95 :[]
 []

[154]
File: Figures/sd.eps Graphic file (type eps)
 <Figures/sd.eps>

LaTeX Warning: `!h' float specifier changed to `!ht'.


Underfull \hbox (badness 10000) in paragraph at lines 6535--6545

 []


Underfull \hbox (badness 10000) in paragraph at lines 6535--6545

 []


Underfull \hbox (badness 10000) in paragraph at lines 6553--6567

 []


Underfull \hbox (badness 10000) in paragraph at lines 6553--6567

 []

[155] [156]
Underfull \hbox (badness 10000) in paragraph at lines 6575--6589

 []


Underfull \hbox (badness 10000) in paragraph at lines 6575--6589

 []


Underfull \hbox (badness 10000) in paragraph at lines 6591--6605

 []


Underfull \hbox (badness 10000) in paragraph at lines 6591--6605

 []


Underfull \hbox (badness 10000) in paragraph at lines 6615--6623

 []

[157] [158]
File: Figures/sfa.eps Graphic file (type eps)
 <Figures/sfa.eps>
Underfull \hbox (badness 10000) in paragraph at lines 6693--6703

 []


Underfull \hbox (badness 10000) in paragraph at lines 6693--6703

 []

[159] [160]
File: Figures/op.eps Graphic file (type eps)
 <Figures/op.eps>

LaTeX Warning: `!h' float specifier changed to `!ht'.


Underfull \hbox (badness 10000) in paragraph at lines 6814--6824

 []


Underfull \hbox (badness 10000) in paragraph at lines 6814--6824

 []

[161]
Underfull \hbox (badness 10000) in paragraph at lines 6839--6847

 []

[162]
File: Figures/opcm.eps Graphic file (type eps)
 <Figures/opcm.eps> [163]
Underfull \hbox (badness 10000) in paragraph at lines 6914--6924

 []


Underfull \hbox (badness 10000) in paragraph at lines 6914--6924

 []

[164]
File: Figures/plot.eps Graphic file (type eps)
 <Figures/plot.eps>

LaTeX Warning: `!h' float specifier changed to `!ht'.

[165] [166]
File: Figures/matplotlib_home.eps Graphic file (type eps)
 <Figures/matplotlib_home.eps>
File: Figures/matplotlib_back.eps Graphic file (type eps)
 <Figures/matplotlib_back.eps>
File: Figures/matplotlib_forward.eps Graphic file (type eps)

<Figures/matplotlib_forward.eps>
File: Figures/matplotlib_move.eps Graphic file (type eps)
 <Figures/matplotlib_move.eps>
File: Figures/matplotlib_zoom_to_rect.eps Graphic file (type eps)

<Figures/matplotlib_zoom_to_rect.eps>
File: Figures/matplotlib_subplots.eps Graphic file (type eps)
 <Figures/matplotlib_subplots.eps>
File: Figures/matplotlib_filesave.eps Graphic file (type eps)

<Figures/matplotlib_filesave.eps> [167]
File: Figures/plot_settings.eps Graphic file (type eps)
 <Figures/plot_settings.eps> [168]
File: Figures/export_plot.eps Graphic file (type eps)

<Figures/export_plot.eps>
File: Figures/animation.eps Graphic file (type eps)
 <Figures/animation.eps> [169]
File: Figures/effective_mode_viewer.eps Graphic file (type eps)

<Figures/effective_mode_viewer.eps>

LaTeX Warning: `!h' float specifier changed to `!ht'.

[170] [171]
Underfull \hbox (badness 10000) in paragraph at lines 7191--7196

 []


Underfull \hbox (badness 10000) in paragraph at lines 7191--7196

 []

[172]
File: Figures/benchmark.eps Graphic file (type eps)
 <Figures/benchmark.eps> [173]
File: Figures/about_nmoldyn.eps Graphic file (type eps)
 <Figures/about_nmoldyn.eps> [174]
Chapter 5.

Underfull \hbox (badness 10000) in paragraph at lines 7261--7273

 []


Underfull \hbox (badness 10000) in paragraph at lines 7261--7273

 []


Underfull \hbox (badness 10000) in paragraph at lines 7261--7273

 []


Underfull \hbox (badness 10000) in paragraph at lines 7261--7273

 []


Underfull \hbox (badness 10000) in paragraph at lines 7274--7288

 []


Underfull \hbox (badness 10000) in paragraph at lines 7274--7288

 []


Underfull \hbox (badness 10000) in paragraph at lines 7274--7288

 []


Underfull \hbox (badness 10000) in paragraph at lines 7274--7288

 []


Underfull \hbox (badness 10000) in paragraph at lines 7274--7288

 []


Underfull \hbox (badness 10000) in paragraph at lines 7274--7288

 []


Underfull \hbox (badness 10000) in paragraph at lines 7274--7288

 []


Underfull \hbox (badness 10000) in paragraph at lines 7274--7288

 []

[175

]
File: Figures/msd_autostart_file.eps Graphic file (type eps)
 <Figures/msd_autostart_file.eps> [176]
Overfull \hbox (6.05733pt too wide) in paragraph at lines 7331--7331
[]|\OT1/cmr/m/n/10.95 CartesianVelocityAutoCorrelationFunction[]serial| 
 []


Underfull \hbox (badness 1400) in paragraph at lines 7347--7347
[]|\OT1/cmr/m/n/10.95 Reorientational Cor-re-la-tion Func-
 []


Underfull \hbox (badness 1009) in paragraph at lines 7349--7349
[]|\OT1/cmr/m/n/10.95 Angular Ve-loc-ity Au-to-Cor-re-la-tion
 []


Overfull \hbox (13.67673pt too wide) in paragraph at lines 7361--7361
[]|\OT1/cmr/m/n/10.95 DynamicIncoherentStructureFactorGaussian[]serial| 
 []


Overfull \hbox (19.47069pt too wide) in paragraph at lines 7319--7382
 [][] 
 []

[177]
Overfull \hbox (10.76477pt too wide) in paragraph at lines 7388--7400
\OT1/cmr/m/n/10.95 The \OT1/cmr/m/it/10.95 n\OT1/cmr/m/n/10.95 MOLDYN in-put fi
les (ex-ten-sion \OT1/cmr/bx/n/10.95 .nmi\OT1/cmr/m/n/10.95 ) are ASCII files t
hat must be run through \OT1/cmr/m/it/10.95 n\OT1/cmr/m/n/10.95 MOLDYN.
 []


Underfull \hbox (badness 10000) in paragraph at lines 7388--7400

 []


Underfull \hbox (badness 10000) in paragraph at lines 7388--7400

 []


Underfull \hbox (badness 10000) in paragraph at lines 7388--7400

 []


Underfull \hbox (badness 10000) in paragraph at lines 7388--7400

 []


Underfull \hbox (badness 10000) in paragraph at lines 7401--7413

 []


Underfull \hbox (badness 10000) in paragraph at lines 7401--7413

 []


Underfull \hbox (badness 10000) in paragraph at lines 7401--7413

 []


Underfull \hbox (badness 10000) in paragraph at lines 7401--7413

 []


Underfull \hbox (badness 10000) in paragraph at lines 7401--7413

 []


Underfull \hbox (badness 10000) in paragraph at lines 7401--7413

 []

[178]
File: Figures/msd_input_file.eps Graphic file (type eps)
 <Figures/msd_input_file.eps> [179] [180

] [181] [182] [183

]
Appendix A.
[184

] [185] (./nMOLDYN_for_PDF.aux)

LaTeX Font Warning: Some font shapes were not available, defaults substituted.


LaTeX Warning: There were multiply-defined labels.

 ) 
Here is how much of TeX's memory you used:
 4364 strings out of 95847
 58509 string characters out of 1195963
 201116 words of memory out of 1000001
 7184 multiletter control sequences out of 10000+50000
 13843 words of font info for 48 fonts, out of 500000 for 1000
 14 hyphenation exceptions out of 1000
 25i,12n,40p,305b,527s stack positions out of 1500i,500n,5000p,200000b,5000s

Output written on nMOLDYN_for_PDF.dvi (187 pages, 1257588 bytes).
